<?xml version="1.0" encoding="UTF-8"?>
<!-- Generated by org.testng.reporters.JUnitXMLReporter -->
<testsuite ignored="0" hostname="NeverSame" failures="1" tests="9" name="Surefire test" time="4.312" errors="0" timestamp="2024-04-22T02:06:45 IST">
  <testcase classname="com.rest.DataProviderTest" name="basicPost" time="1.959"/>
  <testcase classname="com.rest.DataProviderTest" name="basicPost" time="0.488"/>
  <testcase classname="com.rest.DataProviderTest" name="basicPost" time="0.411"/>
  <testcase classname="com.rest.DataProviderTest" name="basicPost" time="0.427"/>
  <testcase classname="com.rest.DataProviderTest" name="basicPost" time="3.306">
    <failure type="org.testng.internal.reflect.MethodMatcherException" message="
[void com.rest.DataProviderTest.basicPost(java.lang.String,java.lang.String)] has no parameters defined but was found to be using a data provider (either explicitly specified or inherited from class level annotation).
Data provider mismatch
Method: basicPost([java.lang.String arg0, java.lang.String arg1])
Arguments: [(java.lang.String) jam]">
      <![CDATA[org.testng.internal.reflect.MethodMatcherException: 
[void com.rest.DataProviderTest.basicPost(java.lang.String,java.lang.String)] has no parameters defined but was found to be using a data provider (either explicitly specified or inherited from class level annotation).
Data provider mismatch
Method: basicPost([java.lang.String arg0, java.lang.String arg1])
Arguments: [(java.lang.String) jam]
at java.base/java.util.ArrayList.forEach(ArrayList.java:1511)
... Removed 27 stack frames]]>
    </failure>
  </testcase> <!-- basicPost -->
  <testcase classname="com.rest.TestFirst" name="testFirst" time="0.001"/>
  <testcase classname="com.rest.TestResponseStuff" name="basictest" time="0.148"/>
  <testcase classname="com.rest.TestResponseStuff2" name="basictest" time="0.137"/>
  <testcase classname="com.rest.TestResponseStuff3" name="basictest" time="0.132"/>
</testsuite> <!-- Surefire test -->
