<?xml version="1.0" encoding="UTF-8"?>
<testsuite xmlns:xsi="http://www.w3.org/2001/XMLSchema-instance" xsi:noNamespaceSchemaLocation="https://maven.apache.org/surefire/maven-surefire-plugin/xsd/surefire-test-report-3.0.xsd" version="3.0" name="TestSuite" time="4.788" tests="9" errors="0" skipped="0" failures="1">
  <properties>
[...]
</properties>
  <testcase name="basicPost[sam, shop](1)" classname="com.rest.DataProviderTest" time="1.956">
    <system-out><![CDATA[Body:
{
    "name": "sam"
}
{
    "name": "sam",
    "id": "963",
    "createdAt": "2024-04-21T20:36:44.933Z"
}
]]></system-out>
    <system-err><![CDATA[SLF4J: Failed to load class "org.slf4j.impl.StaticLoggerBinder".
SLF4J: Defaulting to no-operation (NOP) logger implementation
SLF4J: See http://www.slf4j.org/codes.html#StaticLoggerBinder for further details.
]]></system-err>
  </testcase>
  <testcase name="basicPost[cam, cop](2)" classname="com.rest.DataProviderTest" time="0.487">
    <system-out><![CDATA[Body:
{
    "name": "cam"
}
{
    "name": "cam",
    "id": "756",
    "createdAt": "2024-04-21T20:36:45.510Z"
}
]]></system-out>
  </testcase>
  <testcase name="basicPost[dam, dop](3)" classname="com.rest.DataProviderTest" time="0.412">
    <system-out><![CDATA[Body:
{
    "name": "dam"
}
{
    "name": "dam",
    "id": "499",
    "createdAt": "2024-04-21T20:36:45.929Z"
}
]]></system-out>
  </testcase>
  <testcase name="basicPost[fam, fap](4)" classname="com.rest.DataProviderTest" time="0.427">
    <system-out><![CDATA[Body:
{
    "name": "fam"
}
{
    "name": "fam",
    "id": "283",
    "createdAt": "2024-04-21T20:36:46.359Z"
}
]]></system-out>
  </testcase>
  <testcase name="basicPost" classname="com.rest.DataProviderTest" time="0.432">
    <failure message="&#10;[void com.rest.DataProviderTest.basicPost(java.lang.String,java.lang.String)] has no parameters defined but was found to be using a data provider (either explicitly specified or inherited from class level annotation).&#10;Data provider mismatch&#10;Method: basicPost([java.lang.String arg0, java.lang.String arg1])&#10;Arguments: [(java.lang.String) jam]" type="org.testng.internal.reflect.MethodMatcherException"><![CDATA[org.testng.internal.reflect.MethodMatcherException: 

[void com.rest.DataProviderTest.basicPost(java.lang.String,java.lang.String)] has no parameters defined but was found to be using a data provider (either explicitly specified or inherited from class level annotation).
Data provider mismatch
Method: basicPost([java.lang.String arg0, java.lang.String arg1])
Arguments: [(java.lang.String) jam]
	at org.testng.internal.reflect.DataProviderMethodMatcher.getConformingArguments(DataProviderMethodMatcher.java:46)
	at org.testng.internal.Parameters.injectParameters(Parameters.java:909)
	at org.testng.internal.invokers.MethodRunner.runInSequence(MethodRunner.java:37)
	at org.testng.internal.invokers.TestInvoker$MethodInvocationAgent.invoke(TestInvoker.java:957)
	at org.testng.internal.invokers.TestInvoker.invokeTestMethods(TestInvoker.java:200)
	at org.testng.internal.invokers.TestMethodWorker.invokeTestMethods(TestMethodWorker.java:148)
	at org.testng.internal.invokers.TestMethodWorker.run(TestMethodWorker.java:128)
	at java.base/java.util.ArrayList.forEach(ArrayList.java:1511)
	at org.testng.TestRunner.privateRun(TestRunner.java:848)
	at org.testng.TestRunner.run(TestRunner.java:621)
	at org.testng.SuiteRunner.runTest(SuiteRunner.java:443)
	at org.testng.SuiteRunner.runSequentially(SuiteRunner.java:437)
	at org.testng.SuiteRunner.privateRun(SuiteRunner.java:397)
	at org.testng.SuiteRunner.run(SuiteRunner.java:336)
	at org.testng.SuiteRunnerWorker.runSuite(SuiteRunnerWorker.java:52)
	at org.testng.SuiteRunnerWorker.run(SuiteRunnerWorker.java:95)
	at org.testng.TestNG.runSuitesSequentially(TestNG.java:1280)
	at org.testng.TestNG.runSuitesLocally(TestNG.java:1200)
	at org.testng.TestNG.runSuites(TestNG.java:1114)
	at org.testng.TestNG.run(TestNG.java:1082)
	at org.apache.maven.surefire.testng.TestNGExecutor.run(TestNGExecutor.java:155)
	at org.apache.maven.surefire.testng.TestNGDirectoryTestSuite.executeMulti(TestNGDirectoryTestSuite.java:169)
	at org.apache.maven.surefire.testng.TestNGDirectoryTestSuite.execute(TestNGDirectoryTestSuite.java:88)
	at org.apache.maven.surefire.testng.TestNGProvider.invoke(TestNGProvider.java:137)
	at org.apache.maven.surefire.booter.ForkedBooter.runSuitesInProcess(ForkedBooter.java:385)
	at org.apache.maven.surefire.booter.ForkedBooter.execute(ForkedBooter.java:162)
	at org.apache.maven.surefire.booter.ForkedBooter.run(ForkedBooter.java:507)
	at org.apache.maven.surefire.booter.ForkedBooter.main(ForkedBooter.java:495)
]]></failure>
  </testcase>
  <testcase name="testFirst" classname="com.rest.TestFirst" time="0.001"/>
  <testcase name="basictest" classname="com.rest.TestResponseStuff" time="0.15">
    <system-out><![CDATA[application/json; charset=utf-8
]]></system-out>
  </testcase>
  <testcase name="basictest" classname="com.rest.TestResponseStuff2" time="0.137">
    <system-out><![CDATA[HTTP/1.1 200 OK
]]></system-out>
  </testcase>
  <testcase name="basictest" classname="com.rest.TestResponseStuff3" time="0.133">
    <system-out><![CDATA[HTTP/1.1 200 OK
Date: Sun, 21 Apr 2024 20:36:46 GMT
Content-Type: application/json; charset=utf-8
Transfer-Encoding: chunked
Connection: [ BLACKLISTED ]
Report-To: {"group":"heroku-nel","max_age":3600,"endpoints":[{"url":"https://nel.heroku.com/reports?ts=1713723100&sid=c4c9725f-1ab0-44d8-820f-430df2718e11&s=fOpq3xjqbQoKiePTrx7%2FVAqKVc7VDc9QSNWKY52RidY%3D"}]}
Reporting-Endpoints: heroku-nel=https://nel.heroku.com/reports?ts=1713723100&sid=c4c9725f-1ab0-44d8-820f-430df2718e11&s=fOpq3xjqbQoKiePTrx7%2FVAqKVc7VDc9QSNWKY52RidY%3D
Nel: {"report_to":"heroku-nel","max_age":3600,"success_fraction":0.005,"failure_fraction":0.05,"response_headers":["Via"]}
X-Powered-By: Express
Access-Control-Allow-Origin: *
Etag: W/"118-pbdwwFo9SKNhD3Lx5iHJyngpq00"
Via: 1.1 vegur
Cache-Control: max-age=14400
CF-Cache-Status: HIT
Age: 1486
Vary: Accept-Encoding
Server: cloudflare
CF-RAY: 87802b10ea2f29f3-BOM
Content-Encoding: gzip

{
    "data": {
        "id": 2,
        "email": "janet.weaver@reqres.in",
        "first_name": "Janet",
        "last_name": "Weaver",
        "avatar": "https://reqres.in/img/faces/2-image.jpg"
    },
    "support": {
        "url": "https://reqres.in/#support-heading",
        "text": "To keep ReqRes free, contributions towards server costs are appreciated!"
    }
}
HTTP/1.1 200 OK
]]></system-out>
  </testcase>
</testsuite>