<?xml version="1.0" encoding="UTF-8"?>
<testng-results ignored="0" total="2" passed="2" failed="0" skipped="0">
  <reporter-output>
  </reporter-output>
  <suite started-at="2024-04-05T00:43:37 IST" name="Default suite" finished-at="2024-04-05T00:43:40 IST" duration-ms="2733">
    <groups>
    </groups>
    <test started-at="2024-04-05T00:43:37 IST" name="Default test" finished-at="2024-04-05T00:43:40 IST" duration-ms="2733">
      <class name="com.rest.spotify.PlaylistSpotify">
        <test-method is-config="true" signature="setup()[pri:0, instance:com.rest.spotify.PlaylistSpotify@49049a04]" started-at="2024-04-05T00:43:37 IST" name="setup" finished-at="2024-04-05T00:43:38 IST" duration-ms="486" status="PASS">
          <reporter-output>
          </reporter-output>
        </test-method> <!-- setup -->
        <test-method signature="createPlaylist()[pri:0, instance:com.rest.spotify.PlaylistSpotify@49049a04]" started-at="2024-04-05T00:43:38 IST" name="createPlaylist" finished-at="2024-04-05T00:43:39 IST" duration-ms="1907" status="PASS">
          <reporter-output>
          </reporter-output>
        </test-method> <!-- createPlaylist -->
        <test-method signature="getPlaylist()[pri:0, instance:com.rest.spotify.PlaylistSpotify@49049a04]" started-at="2024-04-05T00:43:39 IST" name="getPlaylist" finished-at="2024-04-05T00:43:40 IST" duration-ms="299" status="PASS">
          <reporter-output>
          </reporter-output>
        </test-method> <!-- getPlaylist -->
      </class> <!-- com.rest.spotify.PlaylistSpotify -->
    </test> <!-- Default test -->
  </suite> <!-- Default suite -->
</testng-results>
